#
# A fatal error has been detected by the Java Runtime Environment:
#
#  EXCEPTION_ACCESS_VIOLATION (0xc0000005) at pc=0x000000006e58248b, pid=6892, tid=2196
#
# JRE version: Java(TM) SE Runtime Environment (7.0_51-b13) (build 1.7.0_51-b13)
# Java VM: Java HotSpot(TM) 64-Bit Server VM (24.51-b03 mixed mode windows-amd64 compressed oops)
# Problematic frame:
# V  [jvm.dll+0x14248b]
#
# Failed to write core dump. Minidumps are not enabled by default on client versions of Windows
#
# If you would like to submit a bug report, please visit:
#   http://bugreport.sun.com/bugreport/crash.jsp
#

---------------  T H R E A D  ---------------

Current thread (0x0000000008414000):  JavaThread "JDWP Transport Listener: dt_socket" daemon [_thread_in_vm, id=2196, stack(0x0000000009b60000,0x0000000009c60000)]

siginfo: ExceptionCode=0xc0000005, reading address 0x0000003b4e2a2474

Registers:
RAX=0x0000000009c5f501, RBX=0x0000000008414000, RCX=0x0000003b4e2a2474, RDX=0x0000000000000000
RSP=0x0000000009c5f4e0, RBP=0x0000003b4e2a2474, RSI=0x0000000009c5f5f8, RDI=0x0000000000258a40
R8 =0x0000000008414000, R9 =0x000000ffffffffff, R10=0x00000000023a0470, R11=0x000000000a638d60
R12=0x0000000000000000, R13=0x0000000008414908, R14=0x0000000000000000, R15=0x0000000000000000
RIP=0x000000006e58248b, EFLAGS=0x0000000000010206

Top of Stack: (sp=0x0000000009c5f4e0)
0x0000000009c5f4e0:   0000000008414000 0000000000000004
0x0000000009c5f4f0:   0000000009c5f5a8 000000006e721239
0x0000000009c5f500:   0000000008414000 000000006e73ede2
0x0000000009c5f510:   0000000000000038 000000006a5b8e89
0x0000000009c5f520:   00000000083a0200 000000006a5c265a
0x0000000009c5f530:   0000000008414000 0000000000000000
0x0000000009c5f540:   0000000000000000 0000000000000000
0x0000000009c5f550:   0000003b4e2a2474 000000006a5c1751
0x0000000009c5f560:   0000000009c5f5f8 0000000009c5f5d0
0x0000000009c5f570:   0000000000000001 00000000083a0200
0x0000000009c5f580:   0000003b4e2a2474 000000006a5a53b3
0x0000000009c5f590:   0000000009c5f6c0 0000000000000001
0x0000000009c5f5a0:   0000000000000001 00000000083a0200
0x0000000009c5f5b0:   0000000000000009 0000000000000000
0x0000000009c5f5c0:   0000000000000000 0000000000000000
0x0000000009c5f5d0:   0000000000000001 000000006a5a5571 

Instructions: (pc=0x000000006e58248b)
0x000000006e58246b:   48 8b 5c 24 30 48 89 47 18 48 83 c4 20 5f c3 cc
0x000000006e58247b:   cc cc cc cc cc 40 53 48 83 ec 20 48 85 c9 74 54
0x000000006e58248b:   48 8b 19 48 85 db 74 4c 48 b8 fe fe fe fe fe fe
0x000000006e58249b:   fe fe 48 3b d8 74 3d 80 3d 8f 87 60 00 00 74 15 


Register to memory mapping:

RAX=0x0000000009c5f501 is pointing into the stack for thread: 0x0000000008414000
RBX=0x0000000008414000 is a thread
RCX=0x0000003b4e2a2474 is an unknown value
RDX=0x0000000000000000 is an unknown value
RSP=0x0000000009c5f4e0 is pointing into the stack for thread: 0x0000000008414000
RBP=0x0000003b4e2a2474 is an unknown value
RSI=0x0000000009c5f5f8 is pointing into the stack for thread: 0x0000000008414000
RDI=0x0000000000258a40 is an unknown value
R8 =0x0000000008414000 is a thread
R9 =0x000000ffffffffff is an unknown value
R10=0x00000000023a0470 is an unknown value
R11=0x000000000a638d60 is an unknown value
R12=0x0000000000000000 is an unknown value
R13=0x0000000008414908 is an unknown value
R14=0x0000000000000000 is an unknown value
R15=0x0000000000000000 is an unknown value


Stack: [0x0000000009b60000,0x0000000009c60000],  sp=0x0000000009c5f4e0,  free space=1021k
Native frames: (J=compiled Java code, j=interpreted, Vv=VM code, C=native code)
V  [jvm.dll+0x14248b]


---------------  P R O C E S S  ---------------

Java Threads: ( => current thread )
  0x000000000844f800 JavaThread "Service Thread" daemon [_thread_blocked, id=6428, stack(0x000000000a250000,0x000000000a350000)]
  0x000000000844c000 JavaThread "C2 CompilerThread1" daemon [_thread_blocked, id=3716, stack(0x000000000a0e0000,0x000000000a1e0000)]
  0x0000000008439000 JavaThread "C2 CompilerThread0" daemon [_thread_blocked, id=4632, stack(0x0000000009ec0000,0x0000000009fc0000)]
  0x0000000008435800 JavaThread "JDWP Command Reader" daemon [_thread_in_native, id=872, stack(0x0000000009a50000,0x0000000009b50000)]
  0x0000000008424800 JavaThread "JDWP Event Helper Thread" daemon [_thread_blocked, id=5656, stack(0x0000000009cd0000,0x0000000009dd0000)]
=>0x0000000008414000 JavaThread "JDWP Transport Listener: dt_socket" daemon [_thread_in_vm, id=2196, stack(0x0000000009b60000,0x0000000009c60000)]
  0x000000000840c000 JavaThread "Attach Listener" daemon [_thread_blocked, id=6340, stack(0x0000000009580000,0x0000000009680000)]
  0x000000000840b000 JavaThread "Signal Dispatcher" daemon [_thread_blocked, id=5308, stack(0x00000000093f0000,0x00000000094f0000)]
  0x000000000839e000 JavaThread "Finalizer" daemon [_thread_blocked, id=4624, stack(0x0000000009220000,0x0000000009320000)]
  0x000000000249f000 JavaThread "Reference Handler" daemon [_thread_blocked, id=4992, stack(0x00000000090b0000,0x00000000091b0000)]
  0x00000000023c2000 JavaThread "main" [_thread_blocked, id=7068, stack(0x0000000002530000,0x0000000002630000)]

Other Threads:
  0x0000000008392000 VMThread [stack: 0x0000000008de0000,0x0000000008ee0000] [id=5592]
  0x000000000a378800 WatcherThread [stack: 0x000000000a7a0000,0x000000000a8a0000] [id=4740]

VM state:not at safepoint (normal execution)

VM Mutex/Monitor currently owned by a thread: None

Heap
 PSYoungGen      total 229376K, used 7864K [0x00000000f0000000, 0x0000000100000000, 0x0000000100000000)
  eden space 196608K, 4% used [0x00000000f0000000,0x00000000f07ae1c8,0x00000000fc000000)
  from space 32768K, 0% used [0x00000000fe000000,0x00000000fe000000,0x0000000100000000)
  to   space 32768K, 0% used [0x00000000fc000000,0x00000000fc000000,0x00000000fe000000)
 ParOldGen       total 557056K, used 0K [0x00000000ce000000, 0x00000000f0000000, 0x00000000f0000000)
  object space 557056K, 0% used [0x00000000ce000000,0x00000000ce000000,0x00000000f0000000)
 PSPermGen       total 21504K, used 4682K [0x00000000be000000, 0x00000000bf500000, 0x00000000ce000000)
  object space 21504K, 21% used [0x00000000be000000,0x00000000be4928f8,0x00000000bf500000)

Card table byte_map: [0x00000000057b0000,0x00000000059d0000] byte_map_base: 0x00000000051c0000

Polling page: 0x0000000000230000

Code Cache  [0x00000000026f0000, 0x0000000002960000, 0x00000000056f0000)
 total_blobs=267 nmethods=19 adapters=210 free_code_cache=48689Kb largest_free_block=49843008

Compilation events (10 events):
Event: 0.329 Thread 0x000000000844c000 nmethod 15 0x0000000002756950 code [0x0000000002756a80, 0x0000000002756ad8]
Event: 0.329 Thread 0x000000000844c000   16             sun.misc.ASCIICaseInsensitiveComparator::compare (126 bytes)
Event: 0.332 Thread 0x000000000844c000 nmethod 16 0x0000000002756f50 code [0x00000000027570a0, 0x00000000027574d8]
Event: 0.336 Thread 0x0000000008439000 nmethod 13 0x0000000002760390 code [0x00000000027605c0, 0x0000000002761e68]
Event: 0.355 Thread 0x000000000844c000   17             java.lang.String::length (6 bytes)
Event: 0.355 Thread 0x000000000844c000 nmethod 17 0x000000000275c710 code [0x000000000275c840, 0x000000000275c8d8]
Event: 0.355 Thread 0x000000000844c000   18             java.lang.Object::<init> (1 bytes)
Event: 0.356 Thread 0x000000000844c000 nmethod 18 0x000000000275c4d0 code [0x000000000275c600, 0x000000000275c678]
Event: 0.356 Thread 0x000000000844c000   19             java.lang.String::indexOf (166 bytes)
Event: 0.361 Thread 0x000000000844c000 nmethod 19 0x0000000002763b10 code [0x0000000002763c60, 0x0000000002764118]

GC Heap History (0 events):
No events

Deoptimization events (1 events):
Event: 0.298 Thread 0x00000000023c2000 Uncommon trap: reason=unreached action=reinterpret pc=0x0000000002752384 method=java.lang.String.equals(Ljava/lang/Object;)Z @ 2

Internal exceptions (9 events):
Event: 0.075 Thread 0x00000000023c2000 Threw 0x00000000f00107a0 at C:\re\jdk7u51\527\hotspot\src\share\vm\prims\jni.cpp:3991
Event: 0.255 Thread 0x00000000023c2000 Threw 0x00000000f00c1388 at C:\re\jdk7u51\527\hotspot\src\share\vm\prims\jvm.cpp:1244
Event: 0.281 Thread 0x00000000023c2000 Threw 0x00000000f00e98a8 at C:\re\jdk7u51\527\hotspot\src\share\vm\prims\jvm.cpp:1244
Event: 0.281 Thread 0x00000000023c2000 Threw 0x00000000f00e99d0 at C:\re\jdk7u51\527\hotspot\src\share\vm\prims\jvm.cpp:1244
Event: 0.281 Thread 0x00000000023c2000 Threw 0x00000000f00ed648 at C:\re\jdk7u51\527\hotspot\src\share\vm\prims\jvm.cpp:1244
Event: 0.281 Thread 0x00000000023c2000 Threw 0x00000000f00ed770 at C:\re\jdk7u51\527\hotspot\src\share\vm\prims\jvm.cpp:1244
Event: 0.323 Thread 0x00000000023c2000 Threw 0x00000000f01b4268 at C:\re\jdk7u51\527\hotspot\src\share\vm\prims\jvm.cpp:1244
Event: 0.323 Thread 0x00000000023c2000 Threw 0x00000000f01b4390 at C:\re\jdk7u51\527\hotspot\src\share\vm\prims\jvm.cpp:1244
Event: 0.331 Thread 0x00000000023c2000 Threw 0x00000000f01db160 at C:\re\jdk7u51\527\hotspot\src\share\vm\classfile\systemDictionary.cpp:185

Events (10 events):
Event: 322.526 Executing VM operation: GetCurrentLocation
Event: 322.526 Executing VM operation: GetCurrentLocation done
Event: 322.526 Executing VM operation: EnterInterpOnlyMode
Event: 322.526 Executing VM operation: EnterInterpOnlyMode done
Event: 322.526 Executing VM operation: ChangeSingleStep
Event: 322.526 Executing VM operation: ChangeSingleStep done
Event: 322.527 Executing VM operation: ChangeSingleStep
Event: 322.527 Executing VM operation: ChangeSingleStep done
Event: 322.532 Executing VM operation: RedefineClasses
Event: 322.532 Executing VM operation: RedefineClasses done


Dynamic libraries:
0x000000013f3b0000 - 0x000000013f3e3000 	C:\Program Files\Java\jdk1.7.0_51\bin\javaw.exe
0x0000000076da0000 - 0x0000000076f4a000 	C:\Windows\SYSTEM32\ntdll.dll
0x0000000076b80000 - 0x0000000076c9f000 	C:\Windows\system32\kernel32.dll
0x000007fefcbb0000 - 0x000007fefcc1a000 	C:\Windows\system32\KERNELBASE.dll
0x000007fefef20000 - 0x000007fefeffb000 	C:\Windows\system32\ADVAPI32.dll
0x000007fefee70000 - 0x000007fefef0f000 	C:\Windows\system32\msvcrt.dll
0x000007fefd7f0000 - 0x000007fefd80f000 	C:\Windows\SYSTEM32\sechost.dll
0x000007fefe640000 - 0x000007fefe76d000 	C:\Windows\system32\RPCRT4.dll
0x0000000076ca0000 - 0x0000000076d9a000 	C:\Windows\system32\USER32.dll
0x000007fefd370000 - 0x000007fefd3d7000 	C:\Windows\system32\GDI32.dll
0x000007fefef10000 - 0x000007fefef1e000 	C:\Windows\system32\LPK.dll
0x000007fefd3e0000 - 0x000007fefd4aa000 	C:\Windows\system32\USP10.dll
0x000007fefb130000 - 0x000007fefb324000 	C:\Windows\WinSxS\amd64_microsoft.windows.common-controls_6595b64144ccf1df_6.0.7601.18837_none_fa3b1e3d17594757\COMCTL32.dll
0x000007fefd530000 - 0x000007fefd5a1000 	C:\Windows\system32\SHLWAPI.dll
0x000007fefd5b0000 - 0x000007fefd5de000 	C:\Windows\system32\IMM32.DLL
0x000007fefea90000 - 0x000007fefeb99000 	C:\Windows\system32\MSCTF.dll
0x000000006a340000 - 0x000000006a412000 	C:\Program Files\Java\jdk1.7.0_51\jre\bin\msvcr100.dll
0x000000006e440000 - 0x000000006ec09000 	C:\Program Files\Java\jdk1.7.0_51\jre\bin\server\jvm.dll
0x000007feeb6e0000 - 0x000007feeb6e9000 	C:\Windows\system32\WSOCK32.dll
0x000007fefce90000 - 0x000007fefcedd000 	C:\Windows\system32\WS2_32.dll
0x000007feff0a0000 - 0x000007feff0a8000 	C:\Windows\system32\NSI.dll
0x000007fefab70000 - 0x000007fefabab000 	C:\Windows\system32\WINMM.dll
0x0000000076f60000 - 0x0000000076f67000 	C:\Windows\system32\PSAPI.DLL
0x0000000000220000 - 0x000000000022f000 	C:\Program Files\Java\jdk1.7.0_51\jre\bin\verify.dll
0x000000006a5e0000 - 0x000000006a608000 	C:\Program Files\Java\jdk1.7.0_51\jre\bin\java.dll
0x000000006a5a0000 - 0x000000006a5d5000 	C:\Program Files\Java\jdk1.7.0_51\jre\bin\jdwp.dll
0x0000000000260000 - 0x0000000000268000 	C:\Program Files\Java\jdk1.7.0_51\jre\bin\npt.dll
0x0000000000280000 - 0x0000000000295000 	C:\Program Files\Java\jdk1.7.0_51\jre\bin\zip.dll
0x000000006a800000 - 0x000000006a809000 	C:\Program Files\Java\jdk1.7.0_51\jre\bin\dt_socket.dll
0x000007fef8900000 - 0x000007fef8926000 	C:\Program Files (x86)\Sangfor\SSL\ClientComponent\SangforNspX64.dll
0x000007fefd5e0000 - 0x000007fefd7e3000 	C:\Windows\system32\ole32.dll
0x000007fefe770000 - 0x000007fefe84a000 	C:\Windows\system32\OLEAUT32.dll
0x000007fefab20000 - 0x000007fefab35000 	C:\Windows\system32\NLAapi.dll
0x000007fef88e0000 - 0x000007fef88f5000 	C:\Windows\system32\napinsp.dll
0x000007fef88c0000 - 0x000007fef88d9000 	C:\Windows\system32\pnrpnsp.dll
0x000007fefc270000 - 0x000007fefc2c5000 	C:\Windows\System32\mswsock.dll
0x000007fefc0f0000 - 0x000007fefc14b000 	C:\Windows\system32\DNSAPI.dll
0x000007fef88b0000 - 0x000007fef88bb000 	C:\Windows\System32\winrnr.dll
0x000007fef88a0000 - 0x000007fef88b0000 	C:\Windows\system32\wshbth.dll
0x0000000071c30000 - 0x0000000071c56000 	C:\Program Files\Bonjour\mdnsNSP.dll
0x000007fefa530000 - 0x000007fefa557000 	C:\Windows\system32\Iphlpapi.DLL
0x000007fefa520000 - 0x000007fefa52b000 	C:\Windows\system32\WINNSI.DLL
0x000007fefa270000 - 0x000007fefa2c3000 	C:\Windows\System32\fwpuclnt.dll
0x000007fef0a20000 - 0x000007fef0a28000 	C:\Windows\system32\rasadhlp.dll
0x000007fefbc90000 - 0x000007fefbc97000 	C:\Windows\System32\wshtcpip.dll
0x000000006a7c0000 - 0x000000006a7d9000 	C:\Program Files\Java\jdk1.7.0_51\jre\bin\net.dll
0x000007fefc260000 - 0x000007fefc267000 	C:\Windows\System32\wship6.dll
0x000000006a580000 - 0x000000006a591000 	C:\Program Files\Java\jdk1.7.0_51\jre\bin\nio.dll
0x000007fef8af0000 - 0x000007fef8c15000 	C:\Windows\system32\dbghelp.dll

VM Arguments:
jvm_args: -agentlib:jdwp=transport=dt_socket,suspend=y,address=localhost:52983 -Xms800m -Xmx800m -XX:MaxNewSize=256m -XX:MaxPermSize=256m -Dfile.encoding=UTF-8 
java_command: com.weixin.action.Test
Launcher Type: SUN_STANDARD

Environment Variables:
JAVA_HOME=C:\Program Files\Java\jdk1.7.0_51
CLASSPATH=.;C:\Program Files\Java\jdk1.7.0_51\lib\dt.jar;C:\Program Files\Java\jdk1.7.0_51\lib\tools.jar
PATH=F:\app\admin\product\11.2.0\client_1;F:\app\admin\product\11.2.0\dbhome_1\bin;C:\Windows\system32;C:\Windows;C:\Windows\System32\Wbem;C:\Windows\System32\WindowsPowerShell\v1.0\;C:\Program Files\Java\jdk1.7.0_51\bin;C:\Program Files\Java\jdk1.7.0_51\jre\bin;D:\maven\apache-maven-3.0.4\bin;C:\Program Files\TortoiseSVN\bin;C:\Program Files (x86)\Microsoft SQL Server\100\Tools\Binn\;C:\Program Files\Microsoft SQL Server\100\Tools\Binn\;C:\Program Files\Microsoft SQL Server\100\DTS\Binn\;C:\Program Files (x86)\Microsoft SQL Server\100\Tools\Binn\VSShell\Common7\IDE\;C:\Program Files (x86)\Microsoft Visual Studio 9.0\Common7\IDE\PrivateAssemblies\;C:\Program Files (x86)\Microsoft SQL Server\100\DTS\Binn\
USERNAME=admin
OS=Windows_NT
PROCESSOR_IDENTIFIER=Intel64 Family 6 Model 60 Stepping 3, GenuineIntel



---------------  S Y S T E M  ---------------

OS: Windows 7 , 64 bit Build 7601 Service Pack 1

CPU:total 2 (2 cores per cpu, 1 threads per core) family 6 model 60 stepping 3, cmov, cx8, fxsr, mmx, sse, sse2, sse3, ssse3, sse4.1, sse4.2, popcnt, erms, tsc, tscinvbit

Memory: 4k page, physical 8261456k(2963352k free), swap 16521052k(9544472k free)

vm_info: Java HotSpot(TM) 64-Bit Server VM (24.51-b03) for windows-amd64 JRE (1.7.0_51-b13), built on Dec 18 2013 18:40:56 by "java_re" with unknown MS VC++:1600

time: Mon Nov 07 11:43:54 2016
elapsed time: 322 seconds

